  GameServer.cpp
d:\it things\vs2015 pj\gameserver\gameserver\InOutHelper.h(69): warning C4267: 'argument': conversion from 'size_t' to 'int', possible loss of data
d:\it things\vs2015 pj\gameserver\gameserver\InOutHelper.h(136): warning C4267: '=': conversion from 'size_t' to 'int', possible loss of data
d:\it things\vs2015 pj\gameserver\gameserver\InOutHelper.h(141): warning C4267: '=': conversion from 'size_t' to 'int', possible loss of data
d:\it things\vs2015 pj\gameserver\gameserver\InOutHelper.h(148): warning C4267: '=': conversion from 'size_t' to 'int', possible loss of data
d:\it things\vs2015 pj\gameserver\gameserver\InOutHelper.h(177): warning C4267: 'argument': conversion from 'size_t' to 'int', possible loss of data
d:\it things\vs2015 pj\gameserver\gameserver\InOutHelper.h(178): warning C4267: '=': conversion from 'size_t' to 'int', possible loss of data
d:\it things\vs2015 pj\gameserver\gameserver\InOutHelper.h(202): warning C4267: 'argument': conversion from 'size_t' to 'int', possible loss of data
d:\it things\vs2015 pj\gameserver\gameserver\InOutHelper.h(203): warning C4267: '=': conversion from 'size_t' to 'int', possible loss of data
GameServer.cpp(123): warning C4477: 'printf' : format string '%d' requires an argument of type 'int', but variadic argument 1 has type 'SOCKET'
  GameServer.cpp(123): note: consider using '%lld' in the format string
  GameServer.cpp(123): note: consider using '%Id' in the format string
  GameServer.cpp(123): note: consider using '%I64d' in the format string
GameServer.cpp(169): warning C4477: 'printf' : format string '%d' requires an argument of type 'int', but variadic argument 1 has type 'SOCKET'
  GameServer.cpp(169): note: consider using '%lld' in the format string
  GameServer.cpp(169): note: consider using '%Id' in the format string
  GameServer.cpp(169): note: consider using '%I64d' in the format string
GameServer.cpp(183): warning C4477: 'printf' : format string '%d' requires an argument of type 'int', but variadic argument 1 has type 'SOCKET'
  GameServer.cpp(183): note: consider using '%lld' in the format string
  GameServer.cpp(183): note: consider using '%Id' in the format string
  GameServer.cpp(183): note: consider using '%I64d' in the format string
  GameServer.vcxproj -> D:\IT things\VS2015 PJ\GameServer\x64\Release\GameServer.exe
  GameServer.vcxproj -> D:\IT things\VS2015 PJ\GameServer\x64\Release\GameServer.pdb (Full PDB)
